[2025-08-25T04:04:23.167+0000] {local_task_job_runner.py:120} INFO - ::group::Pre task execution logs
[2025-08-25T04:04:23.179+0000] {taskinstance.py:2076} INFO - Dependencies all met for dep_context=non-requeueable deps ti=<TaskInstance: books_pipeline_dag.dbt_build manual__2025-08-25T04:04:20.709896+00:00 [queued]>
[2025-08-25T04:04:23.182+0000] {taskinstance.py:2076} INFO - Dependencies all met for dep_context=requeueable deps ti=<TaskInstance: books_pipeline_dag.dbt_build manual__2025-08-25T04:04:20.709896+00:00 [queued]>
[2025-08-25T04:04:23.182+0000] {taskinstance.py:2306} INFO - Starting attempt 1 of 2
[2025-08-25T04:04:23.186+0000] {taskinstance.py:2330} INFO - Executing <Task(BashOperator): dbt_build> on 2025-08-25 04:04:20.709896+00:00
[2025-08-25T04:04:23.189+0000] {standard_task_runner.py:64} INFO - Started process 287 to run task
[2025-08-25T04:04:23.191+0000] {standard_task_runner.py:90} INFO - Running: ['***', 'tasks', 'run', 'books_pipeline_dag', 'dbt_build', 'manual__2025-08-25T04:04:20.709896+00:00', '--job-id', '14', '--raw', '--subdir', 'DAGS_FOLDER/books_pipeline_dag.py', '--cfg-path', '/tmp/tmpbbhv65ho']
[2025-08-25T04:04:23.192+0000] {standard_task_runner.py:91} INFO - Job 14: Subtask dbt_build
[2025-08-25T04:04:23.211+0000] {task_command.py:426} INFO - Running <TaskInstance: books_pipeline_dag.dbt_build manual__2025-08-25T04:04:20.709896+00:00 [running]> on host 267439edb455
[2025-08-25T04:04:23.245+0000] {taskinstance.py:2648} INFO - Exporting env vars: AIRFLOW_CTX_DAG_OWNER='***' AIRFLOW_CTX_DAG_ID='books_pipeline_dag' AIRFLOW_CTX_TASK_ID='dbt_build' AIRFLOW_CTX_EXECUTION_DATE='2025-08-25T04:04:20.709896+00:00' AIRFLOW_CTX_TRY_NUMBER='1' AIRFLOW_CTX_DAG_RUN_ID='manual__2025-08-25T04:04:20.709896+00:00'
[2025-08-25T04:04:23.245+0000] {taskinstance.py:430} INFO - ::endgroup::
[2025-08-25T04:04:23.250+0000] {subprocess.py:63} INFO - Tmp dir root location: /tmp
[2025-08-25T04:04:23.250+0000] {subprocess.py:75} INFO - Running command: ['/usr/bin/bash', '-c', 'dbt deps && dbt build --profiles-dir .']
[2025-08-25T04:04:23.256+0000] {subprocess.py:86} INFO - Output:
[2025-08-25T04:04:24.427+0000] {subprocess.py:93} INFO - [0m04:04:24  Running with dbt=1.10.9
[2025-08-25T04:04:24.503+0000] {subprocess.py:93} INFO - [0m04:04:24  Warning: No packages were found in packages.yml
[2025-08-25T04:04:24.504+0000] {subprocess.py:93} INFO - [0m04:04:24  Warning: No packages were found in packages.yml
[2025-08-25T04:04:26.464+0000] {subprocess.py:93} INFO - [0m04:04:26  Running with dbt=1.10.9
[2025-08-25T04:04:26.610+0000] {subprocess.py:93} INFO - [0m04:04:26  Registered adapter: duckdb=1.9.4
[2025-08-25T04:04:26.800+0000] {subprocess.py:93} INFO - [0m04:04:26  Found 2 models, 4 data tests, 429 macros
[2025-08-25T04:04:26.802+0000] {subprocess.py:93} INFO - [0m04:04:26
[2025-08-25T04:04:26.802+0000] {subprocess.py:93} INFO - [0m04:04:26  Concurrency: 4 threads (target='dev')
[2025-08-25T04:04:26.803+0000] {subprocess.py:93} INFO - [0m04:04:26
[2025-08-25T04:04:26.927+0000] {subprocess.py:93} INFO - [0m04:04:26  1 of 6 START sql table model main.stg_books .................................... [RUN]
[2025-08-25T04:04:26.992+0000] {subprocess.py:93} INFO - [0m04:04:26  1 of 6 OK created sql table model main.stg_books ............................... [[32mOK[0m in 0.06s]
[2025-08-25T04:04:26.994+0000] {subprocess.py:93} INFO - [0m04:04:26  2 of 6 START test not_null_stg_books_date_scraped .............................. [RUN]
[2025-08-25T04:04:26.995+0000] {subprocess.py:93} INFO - [0m04:04:26  3 of 6 START test not_null_stg_books_product_page .............................. [RUN]
[2025-08-25T04:04:26.995+0000] {subprocess.py:93} INFO - [0m04:04:26  4 of 6 START test not_null_stg_books_title ..................................... [RUN]
[2025-08-25T04:04:26.996+0000] {subprocess.py:93} INFO - [0m04:04:26  5 of 6 START test unique_stg_books_product_page ................................ [RUN]
[2025-08-25T04:04:27.052+0000] {subprocess.py:93} INFO - [0m04:04:27  4 of 6 PASS not_null_stg_books_title ........................................... [[32mPASS[0m in 0.05s]
[2025-08-25T04:04:27.053+0000] {subprocess.py:93} INFO - [0m04:04:27  2 of 6 PASS not_null_stg_books_date_scraped .................................... [[32mPASS[0m in 0.06s]
[2025-08-25T04:04:27.053+0000] {subprocess.py:93} INFO - [0m04:04:27  5 of 6 PASS unique_stg_books_product_page ...................................... [[32mPASS[0m in 0.06s]
[2025-08-25T04:04:27.054+0000] {subprocess.py:93} INFO - [0m04:04:27  3 of 6 PASS not_null_stg_books_product_page .................................... [[32mPASS[0m in 0.06s]
[2025-08-25T04:04:27.056+0000] {subprocess.py:93} INFO - [0m04:04:27  6 of 6 START sql table model main.fct_prices_by_rating ......................... [RUN]
[2025-08-25T04:04:27.075+0000] {subprocess.py:93} INFO - [0m04:04:27  6 of 6 OK created sql table model main.fct_prices_by_rating .................... [[32mOK[0m in 0.02s]
[2025-08-25T04:04:27.079+0000] {subprocess.py:93} INFO - [0m04:04:27
[2025-08-25T04:04:27.079+0000] {subprocess.py:93} INFO - [0m04:04:27  Finished running 2 table models, 4 data tests in 0 hours 0 minutes and 0.28 seconds (0.28s).
[2025-08-25T04:04:27.100+0000] {subprocess.py:93} INFO - [0m04:04:27
[2025-08-25T04:04:27.100+0000] {subprocess.py:93} INFO - [0m04:04:27  [32mCompleted successfully[0m
[2025-08-25T04:04:27.101+0000] {subprocess.py:93} INFO - [0m04:04:27
[2025-08-25T04:04:27.101+0000] {subprocess.py:93} INFO - [0m04:04:27  Done. PASS=6 WARN=0 ERROR=0 SKIP=0 NO-OP=0 TOTAL=6
[2025-08-25T04:04:28.138+0000] {subprocess.py:97} INFO - Command exited with return code 0
[2025-08-25T04:04:28.140+0000] {taskinstance.py:441} INFO - ::group::Post task execution logs
[2025-08-25T04:04:28.179+0000] {taskinstance.py:1206} INFO - Marking task as SUCCESS. dag_id=books_pipeline_dag, task_id=dbt_build, run_id=manual__2025-08-25T04:04:20.709896+00:00, execution_date=20250825T040420, start_date=20250825T040423, end_date=20250825T040428
[2025-08-25T04:04:28.225+0000] {local_task_job_runner.py:243} INFO - Task exited with return code 0
[2025-08-25T04:04:28.251+0000] {taskinstance.py:3503} INFO - 0 downstream tasks scheduled from follow-on schedule check
[2025-08-25T04:04:28.252+0000] {local_task_job_runner.py:222} INFO - ::endgroup::
